../monday_puzzles/May0514.puz
####################### finished component ####################### 
---..----.-----
----.----.-----
---------------
.----..----.---
----------.----
---.---.-------
----.---..-----
...---------...
-----..---.----
-------.---.---
----.----------
---.----..----.
---------------
-----.----.----
-----.----..---


1A	PC connection means: Abbr.	3
1D	Detroit-based labor org.	3
2D	Having ants in one's pants	7
3D	Hand-held Mexican food	7
4A	Downloads for mobile devices	4
4D	Likely (to)	3
5D	Dispenser candy	3
6D	Before surgery, informally	5
7D	Increased rapidly, as troop numbers	6
8A	Floats through the air	5
8D	Had on	4
9D	"Solve for x" subj.	3
10D	Traffic signaler near highway construction	7
11D	Source of a metal once used for foil	7
12D	Ensembles for six	7
13A	Greenish blue	4
14D	Political commentator Colmes	4
15A	Country located in what was once the Inca Empire	4
16A	Stan's partner in comedy	5
17A	Instruments played at theaters during silent films	15
18D	Monogram letter: Abbr.	4
19D	Ricelike pasta	4
20A	Tehran's land	4
21A	Shrek, e.g.	4
22A	Clock-setting standard: Abbr.	3
23A	Singer with the 1963 hit "If I Had a Hammer"	10
23D	File folder feature	3
24D	Drunkard	4
25D	Yoked animals	4
26A	Françoise, to François, maybe	4
26D	Pennsylvania Dutch speakers	5
27A	Quantity: Abbr.	3
28A	Guy's rental for a gala	3
29A	Inactive, as a volcano	7
30D	45 or 78: Abbr.	3
31A	Drinker's party instruction, for short	4
32D	Tennis's Borg	5
33A	Lay eyes on	3
34D	___ Claire, Wis.	3
35A	Needle and cone producers	5
36A	First president to live in the White House	9
37D	Area code lead-in	3
38D	Tow	4
39D	Egyptian symbol of life	4
40A	Welles of "Citizen Kane"	5
40D	Dixie school, affectionately	7
41D	Cheese stuffed in stuffed shells	7
42D	"And now a word from our ___"	7
43A	Large coffee server	3
44A	Sword handle	4
45D	Lennon song with the lyric "You may say I'm a dreamer ..."	7
46D	Terse	7
47D	Toll road: Abbr.	3
48A	Understand speech without hearing	7
49D	The first "A" of 51-Across	4
50D	Vienna's river	6
51A	Letters on a wanted poster	3
52D	Going ___ (bickering)	4
53A	Atlas page	3
54A	"Micro" and "macro" subject, for short	4
55A	Ha-ha producer in a sitcom	10
56D	Say	5
57D	Pep rally cries	4
58A	Sun. follower	3
59A	"___ She Lovely"	4
59D	Many early PCs	4
60A	Shakespeare character who says "I hate the Moor"	4
61A	Why this puzzle is like "Seinfeld"?	15
62D	Onassis who married Jackie	3
63D	Complain, complain, complain	3
64D	Yoko who co-produced 45-Down	3
65D	Old Pontiac muscle car	3
66A	Hurricane or blizzard	5
67A	Hit on the noggin	4
68A	Peeved state	4
69A	Dresses in Delhi	5
70A	Therefore	4
71A	Earth-friendly prefix	3

USB..APPS.WAFTS
AQUA.PERU.OLLIE
WURLITZERORGANS
.IRAN..OGRE.GMT
TRINILOPEZ.AMIE
AMT.TUX.DORMANT
BYOB.SEE..PINES
...JOHNADAMS...
ORSON..URN.HILT
LIPREAD.AKA.MAP
ECON.LAUGHTRACK
MON.ISNT..IAGO.
ITSABOUTNOTHING
STORM.BEAN.SNIT
SARIS.ERGO..ECO



======================== Merge All candidats answers ================
65D	1 \ 308
71A	1 \ 259
43A	1 \ 165
62D	1 \ 252
5D	1 \ 52
1D	1 \ 473
64D	1 \ 425
23D	1 \ 229
19D	1 \ 42
20A	1 \ 623
60A	1 \ 662
59A	1 \ 334
70A	1 \ 39
25D	1 \ 95
13A	2 \ 298
44A	1 \ 135
58A	3 \ 441
63D	1 \ 4
40A	1 \ 64
14D	1 \ 161
34D	1 \ 8
32D	1 \ 532
68A	1 \ 382
53A	1 \ 114
56D	3 \ 645
39D	1 \ 510
57D	1 \ 84
52D	1 \ 279
26A	1 \ 699
6D	1 \ 623
38D	6 \ 23
59D	1 \ 659
51A	1 \ 561
21A	1 \ 459
48A	1 \ 464
15A	1 \ 673
45D	1 \ 222
66A	1 \ 62
46D	1 \ 30
22A	7 \ 201
9D	1 \ 240
41D	6 \ 217
1A	4 \ 152
8A	1 \ 551
26D	1 \ 123
3D	1 \ 470
24D	2 \ 14
29A	1 \ 114
69A	1 \ 63
35A	1 \ 120
54A	1 \ 749
16A	1 \ 557
50D	1 \ 459
37D	2 \ 285
36A	36 \ 154
11D	314 \ 366
4A	1 \ 115
7D	3 \ 176
17A	-1 \ 247
28A	2 \ 484
18D	1 \ 21
33A	1 \ 88
47D	1 \ 19
42D	1 \ 243
31A	50 \ 732
8D	38 \ 352
40D	105 \ 245
67A	1 \ 640
4D	1 \ 45
49D	153 \ 780
10D	-1 \ 352
23A	2 \ 253
2D	-1 \ 369
12D	4 \ 157
55A	6 \ 214
61A	-1 \ 257
30D	-1 \ 65
27A	-1 \ 0
max	314/780

number of clues:  78
number of clues answered by some component:  77
number of clues answered correctly by some component:  72 ( 74 )
number of clues answered correctly in candidates list of CSP:  71
with average rank:  6.84507042254 / 300


Solving CSP probelm .....

CSP solver runtime: 206.630789042

Evaluating solution ....

Blank square filling runtime: 206.631311893

=================
Solution Generated	Actual Solution
USB..APPS.WAFTS	USB..APPS.WAFTS
AQUA.PERU.OLLIE	AQUA.PERU.OLLIE
W-RLITZERORG--S	WURLITZERORGANS
.IRAN..OGRE.EDT	.IRAN..OGRE.GMT
TRINILOPEZ.AMIE	TRINILOPEZ.AMIE
A-T.TUX.DORMANT	AMT.TUX.DORMANT
BYOB.SEE..PINES	BYOB.SEE..PINES
...JOHNADAMS...	...JOHNADAMS...
ORSON..URN.HILT	ORSON..URN.HILT
LIPREAD.AKA.MAP	LIPREAD.AKA.MAP
ECON.LAUGHTRACK	ECON.LAUGHTRACK
MON.ISNT..IAGO.	MON.ISNT..IAGO.
ITSABOUTNOTHING	ITSABOUTNOTHING
STORM.BEAN.SNIT	STORM.BEAN.SNIT
SARIS.ERGO..ECO	SARIS.ERGO..ECO



=================
 correct_answer_was_candidate : 71.00
 total_words : 78.00
 runtime_before_fill : 206.63
 matching_words_before_fill : 72.00
 total_squares : 189.00
 runtime : 206.63
 matching_squares_before_fill : 183.00

=================
 comps_eval
	../components/lucene_wiki_component.py
		MRAR : 0.09
		Precision : 0.18
		Attempt_ratio : 0.96
	../components/lucene_cwg_component.py
		MRAR : 0.69
		Precision : 0.89
		Attempt_ratio : 0.96
	../components/lucene_otsys_component.py
		MRAR : 0.72
		Precision : 0.95
		Attempt_ratio : 0.96
 avg_eval
	avg_Precision : 0.68
	avg_Attempt_ratio : 0.96
	avg_MRAR : 0.50

../monday_puzzles/May1214.puz
####################### finished component ####################### 
-----.----.----
-----.----.----
----------.----
---..-----.----
------..-----..
...-----.------
-----.-----.---
---.-------.---
---.-----.-----
------.-----...
..-----..------
----.-----..---
----.----------
----.----.-----
----.----.-----


1A	Secret stash	5
1D	Selects for a role	5
2D	'Til Tuesday singer Mann	5
3D	Machine at a construction site	5
4D	"Tell Laura I Love ___" (1960 hit)	3
5D	Suffix with winning	3
6A	Doorframe's vertical part	4
6D	Chief Justice Roberts	4
7D	Individually	4
8D	Hostess's handouts	5
9D	Fellow members of a congregation	8
10A	Water, in Latin	4
10D	Never-before-seen	6
11D	Easily made profit	9
12D	Hybrid citrus fruit	4
13D	In its existing state	4
14A	Buenos ___	5
15A	Dial button sharing the "0"	4
16A	Big oafs	4
17A	Samsung Galaxy or BlackBerry	10
18D	Dockside platform	4
19A	1953 Leslie Caron musical	4
20A	Number after Big or top	3
21A	Two cents' worth	5
22A	CBS police drama that debuted in 2003	4
23A	Be hot under the collar	6
24D	Start of many band names	3
25D	Hurry, with "it"	7
26A	Green ogre of film	5
27D	Melted cheese on toast	7
28A	Carriage puller	5
29D	Figure (out)	4
30D	Go in	5
31A	Where oysters and clams are served	6
32D	Tennis legend Arthur	4
33D	Backside	4
34A	It's beneficial	5
34D	Vengeful captain	4
35D	Long, involved story	4
36D	Abrupt left or right	9
37A	Beneath	5
38D	All over	4
39A	"___ your head!"	3
40A	"That's rich!"	3
41A	Devious trick	7
42D	Kindergarten learning	8
43A	When repeated, a Latin dance	3
44A	Turkish official	3
45A	Jimmy who works with Lois Lane	5
46A	Worker with an apron and a white hat	5
47D	Statute	3
48A	Go carousing with a drinker, say	6
49D	Give a hard time	6
50A	Archaeologist's find	5
51D	Mascara target	4
52A	Trails	5
53D	Something to stick in a milk shake	5
54A	"Sic 'em!"	6
55D	Able to move well	5
56D	G.M. luxury car, informally	5
57D	Some German/Swiss artworks in MoMA	5
58A	Makes a pick	4
58D	Newspaper think piece	4
59D	___ on words	4
60A	Book of the world	5
61D	Bart's intelligent sister	4
62D	Years on end	4
63A	Guy's date	3
64A	It's beneficial	4
65A	What an optimist always looks on	10
66D	Number of points scored by a safety	3
67D	Bro or sis	3
68A	___ of Sandwich	4
69A	Comfort	4
70A	Witty Oscar	5
71A	Unit of force	4
72A	"___ the night before Christmas ..."	4
73A	Does as told	5

CACHE.JAMB.AQUA
AIRES.OPER.LUGS
SMARTPHONE.LILI
TEN..INPUT.NCIS
SEETHE..SHREK..
...HORSE.RAWBAR
ASSET.UNDER.USE
HAH.FASTONE.CHA
AGA.OLSEN.BAKER
BARHOP.RELIC...
..PATHS..ATTACK
OPTS.ATLAS..GAL
PLUS.BRIGHTSIDE
EARL.EASE.WILDE
DYNE.TWAS.OBEYS



======================== Merge All candidats answers ================
32D	1 \ 276
19A	1 \ 296
12D	1 \ 116
2D	1 \ 492
34D	1 \ 89
35D	1 \ 476
44A	1 \ 112
21A	2 \ 591
58D	1 \ 458
4D	1 \ 343
51D	1 \ 310
14A	1 \ 30
70A	2 \ 291
26A	1 \ 533
20A	1 \ 472
1A	1 \ 147
39A	16 \ 334
43A	1 \ 316
69A	1 \ 30
29D	4 \ 586
5D	3 \ 260
18D	9 \ 67
54A	1 \ 85
6A	1 \ 800
38D	15 \ 649
72A	1 \ 578
6D	121 \ 179
15A	3 \ 173
3D	1 \ 508
67D	2 \ 45
53D	28 \ 557
61D	1 \ 704
52A	1 \ 19
10D	1 \ 466
10A	1 \ 468
68A	11 \ 65
56D	518 \ 574
27D	1 \ 192
16A	2 \ 682
47D	2 \ 9
24D	2 \ 480
7D	2 \ 9
63A	6 \ 500
37A	1 \ 42
31A	1 \ 521
13D	10 \ 445
50A	1 \ 478
8D	4 \ 599
62D	2 \ 475
28A	5 \ 48
66D	1 \ 226
71A	1 \ 446
58A	2 \ 425
45A	1 \ 612
23A	2 \ 515
33D	4 \ 16
60A	1 \ 565
49D	2 \ 568
46A	3 \ 493
55D	2 \ 508
48A	11 \ 593
1D	2 \ 531
22A	1 \ 248
59D	320 \ 384
40A	25 \ 498
73A	1 \ 472
36D	-1 \ 337
42D	6 \ 55
11D	-1 \ 325
41A	2 \ 107
30D	1 \ 615
64A	-1 \ 748
34A	-1 \ 625
9D	1 \ 216
65A	-1 \ 217
25D	11 \ 96
17A	8 \ 121
57D	-1 \ 0
max	518/800

number of clues:  78
number of clues answered by some component:  77
number of clues answered correctly by some component:  72 ( 73 )
number of clues answered correctly in candidates list of CSP:  70
with average rank:  5.24285714286 / 300


Solving CSP probelm .....

CSP solver runtime: 179.628891945

Evaluating solution ....

Blank square filling runtime: 179.629355907

=================
Solution Generated	Actual Solution
CACHE.JAMB.AQUA	CACHE.JAMB.AQUA
AIRES.OPER.LUGS	AIRES.OPER.LUGS
SMARTPHONE.LILI	SMARTPHONE.LILI
TEN..INPUT.NCIS	TEN..INPUT.NCIS
SEETHE..SHREK..	SEETHE..SHREK..
...HORSE.RAWBAR	...HORSE.RAWBAR
AS-ET.UNDER.USE	ASSET.UNDER.USE
HAH.FASTONE.CHA	HAH.FASTONE.CHA
AGA.OLSEN.BAKER	AGA.OLSEN.BAKER
BARHOP.RELIC...	BARHOP.RELIC...
..PATHS..ATTACK	..PATHS..ATTACK
OPTS.ATLAS..GAL	OPTS.ATLAS..GAL
PAYS.BRIGHTSI--	PLUS.BRIGHTSIDE
EARL.EASE.WILDE	EARL.EASE.WILDE
DYNE.TWAS.OBEYS	DYNE.TWAS.OBEYS



=================
 correct_answer_was_candidate : 70.00
 total_words : 78.00
 runtime_before_fill : 179.63
 matching_words_before_fill : 71.00
 total_squares : 187.00
 runtime : 179.63
 matching_squares_before_fill : 182.00

=================
 comps_eval
	../components/lucene_wiki_component.py
		MRAR : 0.03
		Precision : 0.09
		Attempt_ratio : 0.97
	../components/lucene_cwg_component.py
		MRAR : 0.64
		Precision : 0.92
		Attempt_ratio : 0.97
	../components/lucene_otsys_component.py
		MRAR : 0.64
		Precision : 0.88
		Attempt_ratio : 0.97
 avg_eval
	avg_Precision : 0.63
	avg_Attempt_ratio : 0.97
	avg_MRAR : 0.43

../monday_puzzles/May1914.puz
####################### finished component ####################### 
-----.-----.---
-----.-----.---
-----.---------
---.---...----.
----------.----
...---.---.----
-----..----.---
---------------
---.----..-----
----.---.---...
----.----------
.----...---.---
---------.-----
---.-----.-----
---.-----.-----


1A	"___ all she wrote"	5
1D	Group of three	5
2D	Language of Delhi	5
3D	Adrift, say	5
4D	Lao-___	3
5D	Relationship between barnacles and whales, e.g.	9
6A	Poe bird that quoth "Nevermore"	5
6D	Stood on hind legs, with "up"	5
7D	Boxer known as "The Greatest"	3
8D	___ Trapp family of "The Sound of Music"	3
9D	The "E" of E.S.L.: Abbr.	3
10D	Best Actress Oscar winner Patricia	4
11A	"Disgusting!"	3
11D	Frozen structure that facilitates animal migration	9
12D	World's largest amphitheater	9
13D	Former Senate minority whip Jon	3
14A	Opulent	5
15A	Without company	5
16A	Playfully shy	3
17A	"To recap ..."	5
18A	Sound familiar	9
19D	Lout	4
20A	Suffix with orange or lemon	3
21A	"See ya!"	3
22D	Since Jan. 1	3
23A	Timber wolf	4
24A	"Stop being such a pompous jerk!"	10
25D	Aspiring atty.'s exam	4
26D	50%	7
27D	Hourly compensation	4
28D	When repeated, a child's taunt	4
29A	Russian city on the Ural	4
30D	Play for ___	5
31A	Grassy cover	3
32A	Aye's opposite	3
33A	Get out of bed	4
34A	Represent	5
34D	Horrible	5
35D	What may have a "no bull" policy?	9
36D	Cylindrical alternative to French fries	9
37A	"Zoinks!"	4
38D	Sharply dressed guy	9
39A	Actress Sandra of "A Summer Place"	3
40A	"Will you please hurry?"	15
41D	Kind of palm	4
42D	End-of-week cry	4
43D	2014 biblical title role for Russell Crowe	4
44A	Physically strong	3
45A	Multigenerational story	4
46A	Sonnets and haikus	5
47A	Some: Fr.	4
48D	"Canvas" for tattoos	4
49A	Gunderson on "The Simpsons"	3
50A	One whose work is taxing, for short?	3
50D	"___-ching!"	3
51A	Meadow bird	4
52A	Extremely cool, in slang	10
53D	Basic belief	5
54D	"That's amazing!"	5
55D	Pig sounds	5
56D	Ken who wrote "One Flew Over the Cuckoo's Nest"	5
57A	Begin to come out of sleep	4
58D	___ instrument	4
59A	Play it by ___	3
60A	Hurry	3
61A	Do a job with minimal effort	9
61D	Expert	3
62D	"Nobody Knows the Trouble ___ Seen"	3
63D	Faucet	3
64D	Words of commitment	3
65A	Daybreaks	5
66D	Amazement	3
67A	Hooey	3
68A	Dodge	5
69A	Came out of sleep	5
70A	Special ___	3
71A	Train station	5
72A	Full of the latest	5

THATS.RAVEN.ICK
RITZY.ALONE.COY
INSUM.RINGABELL
ADE.BYE...LOBO.
DIALITDOWN.ORSK
...SOD.NAY.RISE
ACTAS..EGAD.DEE
WHATISTHEHANGUP
FIT.SAGA..POEMS
UNES.GIL.CPA...
LARK.OFFTHEHOOK
.STIR...EAR.HIE
PHONEITIN.DAWNS
ROT.EVADE.AWOKE
OPS.DEPOT.NEWSY



======================== Merge All candidats answers ================
25D	1 \ 725
58D	14 \ 167
10D	1 \ 480
4D	3 \ 27
53D	1 \ 127
61D	7 \ 55
22D	1 \ 231
15A	1 \ 562
45A	1 \ 243
34D	9 \ 34
32A	1 \ 533
50D	2 \ 15
68A	2 \ 41
16A	1 \ 10
23A	1 \ 101
27D	1 \ 41
31A	1 \ 99
6A	1 \ 265
42D	1 \ 507
39A	1 \ 250
11A	2 \ 11
55D	1 \ 402
20A	1 \ 192
71A	2 \ 195
70A	1 \ 78
21A	2 \ 356
51A	1 \ 227
41D	1 \ 705
63D	1 \ 5
7D	1 \ 194
3D	1 \ 643
60A	1 \ 20
66D	2 \ 7
65A	2 \ 2
1A	5 \ 610
13D	1 \ 332
2D	1 \ 189
64D	1 \ 147
56D	1 \ 691
29A	1 \ 402
34A	4 \ 57
49A	20 \ 41
1D	1 \ 495
33A	6 \ 703
36D	1 \ 221
28D	3 \ 594
30D	67 \ 470
18A	1 \ 317
44A	1 \ 59
14A	2 \ 17
67A	2 \ 2
69A	8 \ 575
19D	1 \ 8
57A	2 \ 608
43D	5 \ 540
59A	13 \ 197
11D	43 \ 241
24A	-1 \ 238
54D	3 \ 594
46A	1 \ 20
6D	1 \ 662
17A	1 \ 14
48D	1 \ 40
72A	1 \ 399
8D	1 \ 321
50A	5 \ 427
62D	4 \ 252
12D	9 \ 182
38D	18 \ 256
9D	163 \ 270
40A	-1 \ 125
35D	47 \ 221
61A	-1 \ 241
5D	9 \ 268
52A	-1 \ 220
26D	-1 \ 0
37A	-1 \ 0
47A	-1 \ 0
max	163/725

number of clues:  78
number of clues answered by some component:  75
number of clues answered correctly by some component:  71 ( 73 )
number of clues answered correctly in candidates list of CSP:  71
with average rank:  7.38028169014 / 300


Solving CSP probelm .....

CSP solver runtime: 100.324639082

Evaluating solution ....

Blank square filling runtime: 100.325134039

=================
Solution Generated	Actual Solution
THATS.RAVEN.ICK	THATS.RAVEN.ICK
RITZY.ALONE.COY	RITZY.ALONE.COY
INSUM.RINGABELL	INSUM.RINGABELL
ADE.BYE...LOBO.	ADE.BYE...LOBO.
DIALITD-WN.ORSK	DIALITDOWN.ORSK
...SOD.NAY.RISE	...SOD.NAY.RISE
ACTAS..-GAD.DEE	ACTAS..EGAD.DEE
WHATIST-EHANGUP	WHATISTHEHANGUP
FIT.SAGA..POEMS	FIT.SAGA..POEMS
UNES.GIL.CPA...	UNES.GIL.CPA...
LARK.OF-THEHOOK	LARK.OFFTHEHOOK
.STIO...EAR.HIE	.STIR...EAR.HIE
CHONBDTIN.DAWNS	PHONEITIN.DAWNS
POT.OOADE.AWOKE	ROT.EVADE.AWOKE
APS.EEPOT.NEWSY	OPS.DEPOT.NEWSY



=================
 correct_answer_was_candidate : 71.00
 total_words : 78.00
 runtime_before_fill : 100.32
 matching_words_before_fill : 64.00
 total_squares : 187.00
 runtime : 100.33
 matching_squares_before_fill : 174.00

=================
 comps_eval
	../components/lucene_wiki_component.py
		MRAR : 0.05
		Precision : 0.17
		Attempt_ratio : 0.91
	../components/lucene_cwg_component.py
		MRAR : 0.56
		Precision : 0.89
		Attempt_ratio : 0.95
	../components/lucene_otsys_component.py
		MRAR : 0.61
		Precision : 0.89
		Attempt_ratio : 0.95
 avg_eval
	avg_Precision : 0.65
	avg_Attempt_ratio : 0.94
	avg_MRAR : 0.41

../monday_puzzles/May2614.puz
####################### finished component ####################### 
----..-----.---
-----.-----.---
-----------.---
..-----.-------
----.----..----
---.-----------
-----..-----...
-------.-------
...-----..-----
-----------.---
----..----.----
-------.-----..
---.-----------
---.-----.-----
---.-----..----


1A	Afternoon TV's Dr. ___	4
1D	"Wham!"	3
2D	"What's that?"	3
3D	"According to some ..."	8
4D	Abate	5
5A	Deep-sea diver's equipment	5
5D	Suddenly become alert	6
6D	Taxi	3
7D	Intact, as a chain	8
8D	Scott of "Charles in Charge"	4
9D	Concerning	4
10A	Little trickster	3
10D	"Same here"	6
11D	Rita who won an Oscar for "West Side Story"	6
12D	Looked hard	6
13A	No longer in the closet, say	5
14D	Home for a bear	3
15A	Grandmothers, affectionately	5
16A	Mother of a fawn	3
17A	"Hip-hop" song of 1967	11
18D	Destroy	4
19A	Prospector's find	3
20A	When a cock crows	5
21A	Cock	7
22D	Fictional Tom or real-life Diane	6
23A	Shocked reaction	4
23D	Equipment	4
24D	"Look ___!"	4
25A	"Pay ___ mind"	4
26D	Big maker of A.T.M.'s	3
27A	Super-duper	4
28A	Pilot's announcement, briefly	3
29A	"Rap" song of 1966	11
29D	Military uniform material	5
30D	Suffix with pay or schnozz	3
31D	F.D.R. veep John ___ Garner	5
32A	Mennonite group	5
33D	Crossed home plate, say	6
34A	Race with batons	5
35A	Workers with lots of baggage	7
36D	Photo	3
37D	Coastal defenses against flooding	8
38A	"No, No" woman of Broadway	7
39D	Fib	8
40D	Blue-green	4
41D	Water whirl	4
42A	Residents of the Sooner State, informally	5
43D	___-Caps (candy)	3
44A	Belief system	5
45A	"Country" song of 1971	11
45D	Neither vegetable nor mineral	6
46D	Easily tamed tropical birds	6
47D	Made level	6
48D	Packing a wallop	6
49D	Robert of "The Sopranos"	4
50A	Young fellow	3
51A	Main part of a church	4
52A	Winter coat material	4
53A	Friend in war	4
53D	Madison Square Garden, e.g.	5
54A	Brewed drink often served with lemon	7
55D	Ivan or Nicholas	4
56D	Dublin's land	4
57A	Prefix with -hedron	5
58D	TV schedule abbr.	3
59A	Ending with Wolf, Bat or Super	3
60A	"Metal" song of 1950	11
61D	Peace sign, for one	3
62D	Piece of mail: Abbr.	3
63D	___ Paulo, Brazil	3
64A	Thunderstruck feeling	3
65A	"Stormy Weather" composer	5
66A	Role for which 11-Down won her Oscar	5
67A	It was dropped at Woodstock	3
68A	"Start over" button	5
69A	Prefix with dynamic	4

PHIL..SCUBA.IMP
OUTED.NANAS.DOE
WHITERABBIT.ORE
..SUNUP.ROOSTER
GASP.ITNO..AONE
ETA.KNOCKONWOOD
AMISH..RELAY...
REDCAPS.NANETTE
...OKIES..CREED
AMERICANPIE.LAD
NAVE..WOOL.ALLY
ICEDTEA.TETRA..
MAN.SILVERBELLS
AWE.ARLEN.ANITA
LSD.RESET..AERO



======================== Merge All candidats answers ================
63D	1 \ 26
24D	5 \ 267
28A	1 \ 753
58D	1 \ 954
36D	4 \ 28
43D	1 \ 45
68A	1 \ 591
29D	1 \ 427
65A	1 \ 467
40D	1 \ 465
69A	1 \ 305
44A	6 \ 203
56D	1 \ 610
55D	1 \ 39
32A	1 \ 431
52A	2 \ 363
41D	1 \ 369
23A	1 \ 83
9D	3 \ 27
31D	1 \ 591
50A	1 \ 181
19A	1 \ 408
1A	1 \ 689
30D	1 \ 222
12D	2 \ 497
23D	12 \ 163
1D	1 \ 7
64A	1 \ 30
10A	2 \ 284
66A	38 \ 711
54A	1 \ 440
15A	1 \ 25
25A	1 \ 222
47D	1 \ 674
11D	1 \ 460
53D	1 \ 525
46D	1 \ 266
4D	1 \ 20
18D	1 \ 32
5A	2 \ 530
21A	1 \ 61
57A	-1 \ 260
51A	2 \ 556
6D	1 \ 23
33D	1 \ 500
10D	1 \ 563
27A	1 \ 174
61D	2 \ 396
34A	1 \ 169
8D	1 \ 277
39D	2 \ 12
45D	1 \ 184
53A	1 \ 447
2D	165 \ 596
22D	1 \ 454
49D	1 \ 154
62D	23 \ 186
5D	1 \ 337
29A	8 \ 232
20A	203 \ 490
38A	2 \ 241
59A	168 \ 325
26D	2 \ 497
16A	1 \ 84
14D	1 \ 272
48D	1 \ 66
67A	1 \ 36
37D	45 \ 206
3D	3 \ 275
60A	109 \ 220
42A	345 \ 579
13A	2 \ 565
35A	1 \ 215
17A	-1 \ 216
45A	3 \ 184
7D	28 \ 152
max	345/954

number of clues:  76
number of clues answered by some component:  76
number of clues answered correctly by some component:  74 ( 76 )
number of clues answered correctly in candidates list of CSP:  73
with average rank:  12.1917808219 / 300


Solving CSP probelm .....

CSP solver runtime: 147.792616844

Evaluating solution ....

Blank square filling runtime: 147.79312396

=================
Solution Generated	Actual Solution
PHIL..SCUBA.IMP	PHIL..SCUBA.IMP
OUTED.NANAS.DOE	OUTED.NANAS.DOE
WHITERABBIT.ORE	WHITERABBIT.ORE
..SUNUP.ROOSTER	..SUNUP.ROOSTER
GASP.ITNO..AONE	GASP.ITNO..AONE
ETA.KNOCKONWOOD	ETA.KNOCKONWOOD
AMISH..RELAY...	AMISH..RELAY...
REDCAPS.NANETTE	REDCAPS.NANETTE
...OKIES..CREED	...OKIES..CREED
AMERICANPIE.LAD	AMERICANPIE.LAD
NAVE..WOOL.ALLY	NAVE..WOOL.ALLY
ICEDTEA.TETRA..	ICEDTEA.TETRA..
MAN.SILVERBELLS	MAN.SILVERBELLS
AWE.ARLEN.ANITA	AWE.ARLEN.ANITA
LSD.RESET..AERO	LSD.RESET..AERO



=================
 correct_answer_was_candidate : 73.00
 total_words : 76.00
 runtime_before_fill : 147.79
 matching_words_before_fill : 76.00
 total_squares : 188.00
 runtime : 147.79
 matching_squares_before_fill : 188.00

=================
 comps_eval
	../components/lucene_wiki_component.py
		MRAR : 0.04
		Precision : 0.11
		Attempt_ratio : 0.97
	../components/lucene_cwg_component.py
		MRAR : 0.70
		Precision : 0.93
		Attempt_ratio : 0.99
	../components/lucene_otsys_component.py
		MRAR : 0.71
		Precision : 0.95
		Attempt_ratio : 0.99
 avg_eval
	avg_Precision : 0.66
	avg_Attempt_ratio : 0.98
	avg_MRAR : 0.48

